<?xml version="1.0" encoding="UTF-8"?>
<!-- Generated by org.testng.reporters.JUnitXMLReporter -->
<testsuite ignored="0" hostname="PAVAN09FA" failures="0" tests="6" name="Default test" time="14.281" errors="0" timestamp="2022-08-16T07:42:34 IST">
  <testcase classname="api.test.DDTests" name="testPostuser" time="4.513"/>
  <testcase classname="api.test.DDTests" name="testPostuser" time="1.287"/>
  <testcase classname="api.test.DDTests" name="testPostuser" time="1.247"/>
  <testcase classname="api.test.DDTests" name="testDeleteUserByName" time="1.32"/>
  <testcase classname="api.test.DDTests" name="testDeleteUserByName" time="1.23"/>
  <testcase classname="api.test.DDTests" name="testDeleteUserByName" time="1.261"/>
</testsuite> <!-- Default test -->
