<?xml version="1.0" encoding="UTF-8"?>
<testng-results ignored="0" total="4" passed="4" failed="0" skipped="0">
  <reporter-output>
  </reporter-output>
  <suite started-at="2022-08-17T06:55:28 IST" name="PetSuite" finished-at="2022-08-17T06:55:41 IST" duration-ms="12631">
    <groups>
    </groups>
    <test started-at="2022-08-17T06:55:28 IST" name="PetTests" finished-at="2022-08-17T06:55:41 IST" duration-ms="12631">
      <class name="api.test.UserTests2">
        <test-method is-config="true" signature="setup()[pri:0, instance:api.test.UserTests2@2dc54ad4]" started-at="2022-08-17T06:55:29 IST" name="setup" finished-at="2022-08-17T06:55:31 IST" duration-ms="1706" status="PASS">
          <reporter-output>
          </reporter-output>
        </test-method> <!-- setup -->
        <test-method signature="testPostUser()[pri:1, instance:api.test.UserTests2@2dc54ad4]" started-at="2022-08-17T06:55:31 IST" name="testPostUser" finished-at="2022-08-17T06:55:36 IST" duration-ms="5039" status="PASS">
          <reporter-output>
          </reporter-output>
        </test-method> <!-- testPostUser -->
        <test-method signature="testGetUserByName()[pri:2, instance:api.test.UserTests2@2dc54ad4]" started-at="2022-08-17T06:55:36 IST" name="testGetUserByName" finished-at="2022-08-17T06:55:37 IST" duration-ms="1312" status="PASS">
          <reporter-output>
          </reporter-output>
        </test-method> <!-- testGetUserByName -->
        <test-method signature="testUpdateUserByName()[pri:3, instance:api.test.UserTests2@2dc54ad4]" started-at="2022-08-17T06:55:37 IST" name="testUpdateUserByName" finished-at="2022-08-17T06:55:40 IST" duration-ms="2547" status="PASS">
          <reporter-output>
          </reporter-output>
        </test-method> <!-- testUpdateUserByName -->
        <test-method signature="testDeleteUserByName()[pri:4, instance:api.test.UserTests2@2dc54ad4]" started-at="2022-08-17T06:55:40 IST" name="testDeleteUserByName" finished-at="2022-08-17T06:55:41 IST" duration-ms="1271" status="PASS">
          <reporter-output>
          </reporter-output>
        </test-method> <!-- testDeleteUserByName -->
      </class> <!-- api.test.UserTests2 -->
    </test> <!-- PetTests -->
  </suite> <!-- PetSuite -->
</testng-results>
