<?xml version="1.0" encoding="UTF-8"?>
<!-- Generated by org.testng.reporters.JUnitXMLReporter -->
<testsuite ignored="0" hostname="PAVAN09FA" failures="0" tests="4" name="PetTests" time="11.888" errors="0" timestamp="2022-08-18T06:46:55 IST">
  <testcase classname="api.test.UserTests2" name="testPostUser" time="4.792"/>
  <testcase classname="api.test.UserTests2" name="testGetUserByName" time="1.377"/>
  <testcase classname="api.test.UserTests2" name="testUpdateUserByName" time="2.537"/>
  <testcase classname="api.test.UserTests2" name="testDeleteUserByName" time="1.26"/>
</testsuite> <!-- PetTests -->
