<?xml version="1.0" encoding="UTF-8"?>
<!-- Generated by org.testng.reporters.JUnitXMLReporter -->
<testsuite ignored="0" hostname="PAVAN09FA" failures="0" tests="4" name="PetTests" time="12.631" errors="0" timestamp="2022-08-17T06:55:42 IST">
  <testcase classname="api.test.UserTests2" name="testPostUser" time="5.039"/>
  <testcase classname="api.test.UserTests2" name="testGetUserByName" time="1.312"/>
  <testcase classname="api.test.UserTests2" name="testUpdateUserByName" time="2.547"/>
  <testcase classname="api.test.UserTests2" name="testDeleteUserByName" time="1.271"/>
</testsuite> <!-- PetTests -->
